<?xml version="1.0" encoding="UTF-8"?>
<!-- Generated by org.testng.reporters.JUnitXMLReporter -->
<testsuite ignored="0" hostname="Kavya" failures="0" tests="3" name="Default test" time="0.048" errors="0" timestamp="2021-12-30T14:53:24 IST">
  <testcase classname="com.crm.contact.Test0" name="createContact" time="0.012"/>
  <testcase classname="com.crm.contact.Test0" name="deleteContact" time="0.001"/>
  <testcase classname="com.crm.contact.Test0" name="modifyContact" time="0.0"/>
</testsuite> <!-- Default test -->
